<?xml version="1.0" encoding="UTF-8"?>
<!-- Generated by org.testng.reporters.JUnitReportReporter -->
<testsuite hostname="Udits-Air" failures="0" tests="1" name="AppiumTest" time="0.000" errors="0" timestamp="2022-04-04T00:09:24 IST" skipped="0">
  <testcase classname="AppiumTest" name="mobileView" time="0.000"/>
  <system-out/>
</testsuite> <!-- AppiumTest -->
