<?xml version="1.0" encoding="UTF-8"?>
<!-- Generated by org.testng.reporters.JUnitReportReporter -->
<testsuite hostname="Udits-Air" failures="0" tests="1" name="org.example.AppTest" time="0.000" errors="0" timestamp="2022-04-03T23:33:42 IST" skipped="0">
  <testcase classname="org.example.AppTest" name="shouldAnswerWithTrue" time="0.000"/>
  <system-out/>
</testsuite> <!-- org.example.AppTest -->
