<?xml version="1.0" encoding="UTF-8"?>
<!-- Generated by org.testng.reporters.JUnitReportReporter -->
<testsuite hostname="Udits-Air" failures="0" tests="2" name="SeleniumTest" time="0.000" errors="0" timestamp="2022-04-04T00:09:24 IST" skipped="0">
  <testcase classname="SeleniumTest" name="login" time="0.000"/>
  <system-out/>
  <testcase classname="SeleniumTest" name="logout" time="0.000"/>
  <system-out/>
</testsuite> <!-- SeleniumTest -->
